Arguments: 
  /usr/local/bin/node /Users/AlekB/miniconda3/lib/python3.6/site-packages/jupyterlab/staging/yarn.js run build

PATH: 
  /Users/AlekB/miniconda3/envs/jupyterlab-extension-examples/bin:/Library/Frameworks/Python.framework/Versions/2.7/bin:/opt/local/bin:/opt/local/sbin:/Users/AlekB/miniconda3/bin:/Users/AlekB/miniconda3/bin:/Library/Frameworks/Python.framework/Versions/3.6/bin:/Library/Frameworks/Python.framework/Versions/3.5/bin:/Users/AlekB/google-cloud-sdk/bin:/usr/local/bin:/usr/local/bin:/usr/bin:/bin:/usr/sbin:/sbin:/usr/texbin:/usr/local/share/dotnet:~/.dotnet/tools:/Library/Frameworks/Mono.framework/Versions/Current/Commands:/usr/local/git/bin:/Applications/Xamarin Workbooks.app/Contents/SharedSupport/path-bin:/usr/local/mysql/bin

Yarn version: 
  1.21.1

Node version: 
  12.18.2

Platform: 
  darwin x64

Trace: 
  SyntaxError: /Users/AlekB/projects/luminide_code_challenge/extension-examples/package.json: Unexpected token } in JSON at position 1210
      at JSON.parse (<anonymous>)
      at /Users/AlekB/miniconda3/lib/python3.6/site-packages/jupyterlab/staging/yarn.js:1098:57
      at Generator.next (<anonymous>)
      at step (/Users/AlekB/miniconda3/lib/python3.6/site-packages/jupyterlab/staging/yarn.js:310:30)
      at /Users/AlekB/miniconda3/lib/python3.6/site-packages/jupyterlab/staging/yarn.js:321:13

npm manifest: 
  {
    "name": "@jupyterlab-examples/react-widget",
    "version": "0.1.0",
    "description": "Example of using a React Widget in a Jupyterlab extension",
    "keywords": [
      "jupyter",
      "jupyterlab",
      "jupyterlab-extension"
    ],
    "homepage": "https://github.com/jupyterlab/extension-examples",
    "bugs": {
      "url": "https://github.com/jupyterlab/extension-examples/issues"
    },
    "license": "BSD-3-Clause",
    "author": "Project Jupyter Contributors",
    "files": [
      "lib/**/*.{d.ts,eot,gif,html,jpg,js,js.map,json,png,svg,woff2,ttf}",
      "style/**/*.{css,eot,gif,html,jpg,json,png,svg,woff2,ttf}"
    ],
    "main": "lib/index.js",
    "types": "lib/index.d.ts",
    "style": "style/index.css",
    "repository": {
      "type": "git",
      "url": "https://github.com/jupyterlab/extension-examples.git"
    },
    "scripts": {
      "build": "tsc",
      "clean": "rimraf lib && rimraf tsconfig.tsbuildinfo",
      "install-ext": "jupyter labextension install . --no-build",
      "eslint": "eslint . --ext .ts,.tsx --fix",
      "eslint:check": "eslint . --ext .ts,.tsx",
      "watch": "tsc -w"
    },
    "dependencies": {
      "@jupyterlab/application": "^2.0.0",
      "@jupyterlab/launcher": "^2.0.0",
      "@jupyterlab/ui-components": "^2.0.0",
      "axios": "^0.20.0"
    },
    "devDependencies": {
      "@typescript-eslint/eslint-plugin": "^2.21.0",
      "@typescript-eslint/parser": "^2.21.0",
      "eslint": "^6.8.0",
      "eslint-config-prettier": "^6.10.0",
      "eslint-plugin-jsdoc": "^22.0.0",
      "eslint-plugin-prettier": "^3.1.2",
      "eslint-plugin-react": "^7.18.3",
      "rimraf": "^3.0.0",
      "typescript": "~3.7.5"
    },
    "sideEffects": [
      "style/*.css"
    ],
    "jupyterlab": {
      "extension": true
    }
  }

yarn manifest: 
  No manifest

Lockfile: 
  No lockfile
